model           pair            MAE     RMSE   DirAcc       IC
--------------------------------------------------------------
graph model     EUR-GBP      0.0643   0.0860   0.5292   0.3627
graph model     EUR-JPY      0.0927   0.1217   0.5726   0.2813
graph model     GBP-JPY      0.1054   0.1364   0.5693   0.2211
graph model     MEAN         0.0874   0.1147   0.5570   0.2883
--------------------------------------------------------------
plain GRU       EUR-GBP      0.0583   0.0833   0.5309   0.2900
plain GRU       EUR-JPY      0.0962   0.1248   0.5392   0.2574
plain GRU       GBP-JPY      0.1020   0.1338   0.5476   0.2619
plain GRU       MEAN         0.0855   0.1140   0.5392   0.2698
--------------------------------------------------------------
zero            EUR-GBP      0.0565   0.0847   0.0000   0.0000
zero            EUR-JPY      0.0931   0.1259   0.0000   0.0000
zero            GBP-JPY      0.0990   0.1340   0.0000   0.0000
zero            MEAN         0.0828   0.1149   0.0000   0.0000
--------------------------------------------------------------
calibrated-lin  EUR-GBP      0.0626   0.0847   0.5109   0.3383
calibrated-lin  EUR-JPY      0.0957   0.1240   0.5509   0.3133
calibrated-lin  GBP-JPY      0.1013   0.1325   0.5626   0.3353
calibrated-lin  MEAN         0.0865   0.1137   0.5415   0.3289
--------------------------------------------------------------

SIGNIFICANCE (block permutation, 2000 shuffles)
  graph model     mean IC +0.2883   per-pair p = 0.000, 0.001, 0.002
  plain GRU       mean IC +0.2698   per-pair p = 0.001, 0.001, 0.000
  calibrated-lin  mean IC +0.3289   per-pair p = 0.000, 0.000, 0.000
  graph minus calibrated-lin: mean IC margin -0.0483, 95% CI [-0.119, +0.013], P(margin>0) = 0.079
quarterly IC — graph model:
  2024Q1: IC +0.400 (n=62)
  2024Q2: IC +0.070 (n=63)
  2024Q3: IC +0.367 (n=64)
  2024Q4: IC +0.419 (n=62)
  2025Q1: IC +0.231 (n=61)
  2025Q2: IC +0.262 (n=63)
  2025Q3: IC +0.272 (n=64)
  2025Q4: IC +0.213 (n=62)
  2026Q1: IC +0.423 (n=61)
  2026Q2: IC +0.364 (n=37)
quarterly IC — plain GRU:
  2024Q1: IC +0.367 (n=62)
  2024Q2: IC +0.121 (n=63)
  2024Q3: IC +0.512 (n=64)
  2024Q4: IC +0.300 (n=62)
  2025Q1: IC +0.272 (n=61)
  2025Q2: IC +0.395 (n=63)
  2025Q3: IC +0.188 (n=64)
  2025Q4: IC +0.345 (n=62)
  2026Q1: IC +0.437 (n=61)
  2026Q2: IC +0.178 (n=37)
quarterly IC — calibrated-lin:
  2024Q1: IC +0.453 (n=62)
  2024Q2: IC +0.338 (n=63)
  2024Q3: IC +0.314 (n=64)
  2024Q4: IC +0.463 (n=62)
  2025Q1: IC +0.414 (n=61)
  2025Q2: IC +0.661 (n=63)
  2025Q3: IC +0.420 (n=64)
  2025Q4: IC +0.411 (n=62)
  2026Q1: IC +0.555 (n=61)
  2026Q2: IC +0.477 (n=37)